2024-01-24 11:59:44,268 - multiprocessing - INFO - Generating histograms for cow2
2024-01-24 11:59:44,902 - multiprocessing - INFO - Loading metric coordinates from output_sonic/closed_myles/cow2_output/cow2_metric_coords
2024-01-24 11:59:44,918 - multiprocessing - INFO - Computing symmetric stretches
2024-01-24 11:59:47,917 - multiprocessing - INFO - Generating histograms for bumpy_sphere
2024-01-24 11:59:48,595 - multiprocessing - INFO - Loading metric coordinates from output_sonic/closed_myles/bumpy_sphere_output/bumpy_sphere_metric_coords
2024-01-24 11:59:48,615 - multiprocessing - INFO - Computing symmetric stretches
2024-01-24 11:59:50,581 - multiprocessing - INFO - Generating histograms for retinal
2024-01-24 11:59:50,832 - multiprocessing - INFO - Loading metric coordinates from output_sonic/closed_myles/retinal_output/retinal_metric_coords
2024-01-24 11:59:50,870 - multiprocessing - INFO - Computing symmetric stretches
2024-01-24 11:59:55,302 - multiprocessing - INFO - Generating histograms for blade
2024-01-24 11:59:59,779 - multiprocessing - INFO - Loading metric coordinates from output_sonic/closed_myles/blade_output/blade_metric_coords
2024-01-24 12:00:00,288 - multiprocessing - INFO - Computing symmetric stretches
2024-01-24 12:00:03,190 - multiprocessing - INFO - Generating histograms for smooth-feature
2024-01-24 12:00:04,201 - multiprocessing - INFO - Loading metric coordinates from output_sonic/closed_myles/smooth-feature_output/smooth-feature_metric_coords
2024-01-24 12:00:04,271 - multiprocessing - INFO - Computing symmetric stretches
2024-01-24 12:00:11,656 - multiprocessing - INFO - Generating histograms for filigree100k
2024-01-24 12:00:18,869 - multiprocessing - INFO - Loading metric coordinates from output_sonic/closed_myles/filigree100k_output/filigree100k_metric_coords
2024-01-24 12:00:19,272 - multiprocessing - INFO - Computing symmetric stretches
2024-01-24 12:00:25,153 - multiprocessing - INFO - process shutting down
2024-01-24 12:00:25,156 - multiprocessing - INFO - process exiting with exitcode 0
