2024-01-23 17:56:46,250 - multiprocessing - INFO - Rendering dilo_refined_with_uv
2024-01-23 17:56:46,250 - multiprocessing - INFO - Loading initial mesh at data/closed-Myles
2024-01-23 17:56:46,437 - multiprocessing - INFO - Loading uv coordinates at output_sonic/closed_myles
2024-01-23 17:56:46,699 - multiprocessing - INFO - Is double: False
2024-01-23 17:56:46,699 - multiprocessing - INFO - Loading vertex map at output_sonic/closed_myles/dilo_output/dilo_refined_with_uv_vn_to_v
2024-01-23 17:56:46,700 - multiprocessing - ERROR - Could not load vertex map
2024-01-23 17:56:46,700 - multiprocessing - INFO - Loading endpoints at output_sonic/closed_myles/dilo_output/dilo_refined_with_uv_endpoints
2024-01-23 17:56:46,701 - multiprocessing - ERROR - Could not load endpoints
2024-01-23 17:56:46,701 - multiprocessing - INFO - Loading camera at data/cameras/dilo_camera.pickle
2024-01-23 17:56:46,746 - multiprocessing - INFO - Getting point matrices
2024-01-23 17:56:57,688 - multiprocessing - INFO - Getting connectivity
2024-01-23 17:57:05,145 - multiprocessing - INFO - Getting per corner uv coordinates
2024-01-23 17:57:05,374 - multiprocessing - INFO - Getting scale_factors colormap
2024-01-23 17:57:06,059 - multiprocessing - INFO - Using colormap scale 1
2024-01-23 17:57:06,060 - multiprocessing - INFO - Rendering image
2024-01-23 17:57:28,707 - multiprocessing - INFO - Saving plain image at output_sonic/closed_myles/dilo_output/images/dilo_refined_with_uv_plain.png
2024-01-23 17:57:29,127 - multiprocessing - INFO - Adding shading
2024-01-23 17:57:59,807 - multiprocessing - INFO - Saving final image at output_sonic/closed_myles/dilo_output/images/dilo_refined_with_uv.png
2024-01-23 17:58:00,305 - multiprocessing - INFO - Saving final image at output_sonic/closed_myles/images/dilo_refined_with_uv.png
2024-01-23 17:58:03,691 - multiprocessing - INFO - Rendering rocker_arm_refined_with_uv
2024-01-23 17:58:03,691 - multiprocessing - INFO - Loading initial mesh at data/closed-Myles
2024-01-23 17:58:03,761 - multiprocessing - INFO - Loading uv coordinates at output_sonic/closed_myles
2024-01-23 17:58:03,858 - multiprocessing - INFO - Is double: False
2024-01-23 17:58:03,858 - multiprocessing - INFO - Loading vertex map at output_sonic/closed_myles/rocker_arm_output/rocker_arm_refined_with_uv_vn_to_v
2024-01-23 17:58:03,859 - multiprocessing - ERROR - Could not load vertex map
2024-01-23 17:58:03,859 - multiprocessing - INFO - Loading endpoints at output_sonic/closed_myles/rocker_arm_output/rocker_arm_refined_with_uv_endpoints
2024-01-23 17:58:03,860 - multiprocessing - ERROR - Could not load endpoints
2024-01-23 17:58:03,860 - multiprocessing - INFO - Loading camera at data/cameras/rocker_arm_camera.pickle
2024-01-23 17:58:03,881 - multiprocessing - INFO - Getting point matrices
2024-01-23 17:58:13,557 - multiprocessing - INFO - Getting connectivity
2024-01-23 17:58:15,444 - multiprocessing - INFO - Getting per corner uv coordinates
2024-01-23 17:58:15,526 - multiprocessing - INFO - Getting scale_factors colormap
2024-01-23 17:58:15,748 - multiprocessing - INFO - Using colormap scale 1
2024-01-23 17:58:15,748 - multiprocessing - INFO - Rendering image
2024-01-23 18:00:35,660 - multiprocessing - INFO - Saving plain image at output_sonic/closed_myles/rocker_arm_output/images/rocker_arm_refined_with_uv_plain.png
2024-01-23 18:00:36,759 - multiprocessing - INFO - Adding shading
2024-01-23 18:03:18,606 - multiprocessing - INFO - Saving final image at output_sonic/closed_myles/rocker_arm_output/images/rocker_arm_refined_with_uv.png
2024-01-23 18:03:19,759 - multiprocessing - INFO - Saving final image at output_sonic/closed_myles/images/rocker_arm_refined_with_uv.png
