2024-01-23 17:22:48,797 - multiprocessing - INFO - Rendering filigree100k_refined_with_uv
2024-01-23 17:22:48,797 - multiprocessing - INFO - Loading initial mesh at data/closed-Myles
2024-01-23 17:22:49,120 - multiprocessing - INFO - Loading uv coordinates at output_sonic/closed_myles
2024-01-23 17:22:49,543 - multiprocessing - INFO - Is double: False
2024-01-23 17:22:49,543 - multiprocessing - INFO - Loading vertex map at output_sonic/closed_myles/filigree100k_output/filigree100k_refined_with_uv_vn_to_v
2024-01-23 17:22:49,543 - multiprocessing - ERROR - Could not load vertex map
2024-01-23 17:22:49,544 - multiprocessing - INFO - Loading endpoints at output_sonic/closed_myles/filigree100k_output/filigree100k_refined_with_uv_endpoints
2024-01-23 17:22:49,544 - multiprocessing - ERROR - Could not load endpoints
2024-01-23 17:22:49,544 - multiprocessing - INFO - Loading camera at data/cameras/filigree100k_camera.pickle
2024-01-23 17:22:49,636 - multiprocessing - INFO - Getting point matrices
2024-01-23 17:23:00,977 - multiprocessing - INFO - Getting connectivity
2024-01-23 17:23:13,285 - multiprocessing - INFO - Getting per corner uv coordinates
2024-01-23 17:23:13,823 - multiprocessing - INFO - Getting scale_factors colormap
2024-01-23 17:23:15,497 - multiprocessing - INFO - Using colormap scale 1
2024-01-23 17:23:15,497 - multiprocessing - INFO - Rendering image
2024-01-23 17:24:40,337 - multiprocessing - INFO - Saving plain image at output_sonic/closed_myles/filigree100k_output/images/filigree100k_refined_with_uv_plain.png
2024-01-23 17:24:41,166 - multiprocessing - INFO - Adding shading
2024-01-23 17:27:13,419 - multiprocessing - INFO - Saving final image at output_sonic/closed_myles/filigree100k_output/images/filigree100k_refined_with_uv.png
2024-01-23 17:27:14,528 - multiprocessing - INFO - Saving final image at output_sonic/closed_myles/images/filigree100k_refined_with_uv.png
2024-01-23 17:27:22,567 - multiprocessing - INFO - Rendering greek_sculpture_refined_with_uv
2024-01-23 17:27:22,569 - multiprocessing - INFO - Loading initial mesh at data/closed-Myles
2024-01-23 17:27:22,878 - multiprocessing - INFO - Loading uv coordinates at output_sonic/closed_myles
2024-01-23 17:27:23,245 - multiprocessing - INFO - Is double: False
2024-01-23 17:27:23,245 - multiprocessing - INFO - Loading vertex map at output_sonic/closed_myles/greek_sculpture_output/greek_sculpture_refined_with_uv_vn_to_v
2024-01-23 17:27:23,255 - multiprocessing - ERROR - Could not load vertex map
2024-01-23 17:27:23,256 - multiprocessing - INFO - Loading endpoints at output_sonic/closed_myles/greek_sculpture_output/greek_sculpture_refined_with_uv_endpoints
2024-01-23 17:27:23,257 - multiprocessing - ERROR - Could not load endpoints
2024-01-23 17:27:23,258 - multiprocessing - INFO - Loading camera at data/cameras/greek_sculpture_camera.pickle
2024-01-23 17:27:23,328 - multiprocessing - INFO - Getting point matrices
2024-01-23 17:27:40,453 - multiprocessing - INFO - Getting connectivity
2024-01-23 17:27:49,247 - multiprocessing - INFO - Getting per corner uv coordinates
2024-01-23 17:27:50,039 - multiprocessing - INFO - Getting scale_factors colormap
2024-01-23 17:27:51,987 - multiprocessing - INFO - Using colormap scale 1
2024-01-23 17:27:51,987 - multiprocessing - INFO - Rendering image
2024-01-23 17:28:45,333 - multiprocessing - INFO - Saving plain image at output_sonic/closed_myles/greek_sculpture_output/images/greek_sculpture_refined_with_uv_plain.png
2024-01-23 17:28:46,448 - multiprocessing - INFO - Adding shading
2024-01-23 17:29:54,330 - multiprocessing - INFO - Saving final image at output_sonic/closed_myles/greek_sculpture_output/images/greek_sculpture_refined_with_uv.png
2024-01-23 17:29:55,005 - multiprocessing - INFO - Saving final image at output_sonic/closed_myles/images/greek_sculpture_refined_with_uv.png
