2024-01-23 16:59:11,594 - output/closed_myles/seahorse2_100K_output/seahorse2_100K_constrain_similarity.log - INFO - Projecting seahorse2_100K to constrints
2024-01-23 16:59:12,588 - output/closed_myles/seahorse2_100K_output/seahorse2_100K_constrain_similarity.log - INFO - Using Delaunay connectivity
2024-01-23 16:59:12,960 - output/closed_myles/seahorse2_100K_output/seahorse2_100K_constrain_similarity.log - INFO - Initial quality is 111490.51712061236
2024-01-23 16:59:12,960 - output/closed_myles/seahorse2_100K_output/seahorse2_100K_constrain_similarity.log - INFO - Average metric coordinate is 0.7970018271162042
2024-01-23 16:59:13,000 - output/closed_myles/seahorse2_100K_output/seahorse2_100K_constrain_similarity.log - INFO - Quality is 25158.97312515064
2024-01-23 16:59:13,038 - output/closed_myles/seahorse2_100K_output/seahorse2_100K_constrain_similarity.log - INFO - Quality is 9133.231138955649
2024-01-23 16:59:13,077 - output/closed_myles/seahorse2_100K_output/seahorse2_100K_constrain_similarity.log - INFO - Quality is 3669.426745724076
2024-01-23 16:59:13,116 - output/closed_myles/seahorse2_100K_output/seahorse2_100K_constrain_similarity.log - INFO - Quality is 1615.1744474374298
2024-01-23 16:59:13,154 - output/closed_myles/seahorse2_100K_output/seahorse2_100K_constrain_similarity.log - INFO - Quality is 771.8945929878206
2024-01-23 16:59:13,193 - output/closed_myles/seahorse2_100K_output/seahorse2_100K_constrain_similarity.log - INFO - Quality is 397.2797068666476
2024-01-23 16:59:13,232 - output/closed_myles/seahorse2_100K_output/seahorse2_100K_constrain_similarity.log - INFO - Quality is 218.62034292681727
2024-01-23 16:59:13,272 - output/closed_myles/seahorse2_100K_output/seahorse2_100K_constrain_similarity.log - INFO - Quality is 127.80082615411682
2024-01-23 16:59:13,312 - output/closed_myles/seahorse2_100K_output/seahorse2_100K_constrain_similarity.log - INFO - Quality is 78.90789978871973
2024-01-23 16:59:13,356 - output/closed_myles/seahorse2_100K_output/seahorse2_100K_constrain_similarity.log - INFO - Quality is 51.193294722555756
2024-01-23 16:59:13,394 - output/closed_myles/seahorse2_100K_output/seahorse2_100K_constrain_similarity.log - INFO - Quality is 34.738212276411424
2024-01-23 16:59:13,434 - output/closed_myles/seahorse2_100K_output/seahorse2_100K_constrain_similarity.log - INFO - Final quality is 34.738212276411396
2024-01-23 16:59:13,434 - output/closed_myles/seahorse2_100K_output/seahorse2_100K_constrain_similarity.log - INFO - Final average is 0.7969168226551211
2024-01-23 16:59:13,434 - output/closed_myles/seahorse2_100K_output/seahorse2_100K_constrain_similarity.log - INFO - Optimizing metric
2024-01-23 16:59:47,495 - output/closed_myles/seahorse2_100K_output/seahorse2_100K_constrain_similarity.log - INFO - Saving metric coordinates at output/closed_myles/seahorse2_100K_output/seahorse2_100K_metric_coords
2024-01-23 16:59:47,777 - output/closed_myles/seahorse2_100K_output/seahorse2_100K_constrain_similarity.log - INFO - Saving metric coordinates at output/closed_myles/seahorse2_100K_output/seahorse2_100K_flip_seq
