2024-01-23 17:56:46,252 - multiprocessing - INFO - Rendering femur_refined_with_uv
2024-01-23 17:56:46,253 - multiprocessing - INFO - Loading initial mesh at data/closed-Myles
2024-01-23 17:56:46,280 - multiprocessing - INFO - Loading uv coordinates at output_sonic/closed_myles
2024-01-23 17:56:46,321 - multiprocessing - INFO - Is double: False
2024-01-23 17:56:46,322 - multiprocessing - INFO - Loading vertex map at output_sonic/closed_myles/femur_output/femur_refined_with_uv_vn_to_v
2024-01-23 17:56:46,322 - multiprocessing - ERROR - Could not load vertex map
2024-01-23 17:56:46,323 - multiprocessing - INFO - Loading endpoints at output_sonic/closed_myles/femur_output/femur_refined_with_uv_endpoints
2024-01-23 17:56:46,323 - multiprocessing - ERROR - Could not load endpoints
2024-01-23 17:56:46,323 - multiprocessing - INFO - Loading camera at data/cameras/femur_camera.pickle
2024-01-23 17:56:46,337 - multiprocessing - INFO - Getting point matrices
2024-01-23 17:56:57,538 - multiprocessing - INFO - Getting connectivity
2024-01-23 17:56:59,975 - multiprocessing - INFO - Getting per corner uv coordinates
2024-01-23 17:57:00,029 - multiprocessing - INFO - Getting scale_factors colormap
2024-01-23 17:57:00,158 - multiprocessing - INFO - Using colormap scale 1
2024-01-23 17:57:00,158 - multiprocessing - INFO - Rendering image
2024-01-23 17:57:42,993 - multiprocessing - INFO - Saving plain image at output_sonic/closed_myles/femur_output/images/femur_refined_with_uv_plain.png
2024-01-23 17:57:43,419 - multiprocessing - INFO - Adding shading
2024-01-23 17:58:26,651 - multiprocessing - INFO - Saving final image at output_sonic/closed_myles/femur_output/images/femur_refined_with_uv.png
2024-01-23 17:58:27,411 - multiprocessing - INFO - Saving final image at output_sonic/closed_myles/images/femur_refined_with_uv.png
2024-01-23 17:58:34,785 - multiprocessing - INFO - Rendering sharp_sphere_refined_with_uv
2024-01-23 17:58:34,786 - multiprocessing - INFO - Loading initial mesh at data/closed-Myles
2024-01-23 17:58:34,990 - multiprocessing - INFO - Loading uv coordinates at output_sonic/closed_myles
2024-01-23 17:58:35,253 - multiprocessing - INFO - Is double: False
2024-01-23 17:58:35,253 - multiprocessing - INFO - Loading vertex map at output_sonic/closed_myles/sharp_sphere_output/sharp_sphere_refined_with_uv_vn_to_v
2024-01-23 17:58:35,256 - multiprocessing - ERROR - Could not load vertex map
2024-01-23 17:58:35,256 - multiprocessing - INFO - Loading endpoints at output_sonic/closed_myles/sharp_sphere_output/sharp_sphere_refined_with_uv_endpoints
2024-01-23 17:58:35,257 - multiprocessing - ERROR - Could not load endpoints
2024-01-23 17:58:35,257 - multiprocessing - INFO - Loading camera at data/cameras/sharp_sphere_camera.pickle
2024-01-23 17:58:35,314 - multiprocessing - INFO - Getting point matrices
2024-01-23 17:58:54,373 - multiprocessing - INFO - Getting connectivity
2024-01-23 17:58:56,699 - multiprocessing - INFO - Getting per corner uv coordinates
2024-01-23 17:58:56,797 - multiprocessing - INFO - Getting scale_factors colormap
2024-01-23 17:58:57,044 - multiprocessing - INFO - Using colormap scale 1
2024-01-23 17:58:57,044 - multiprocessing - INFO - Rendering image
2024-01-23 17:59:47,393 - multiprocessing - INFO - Saving plain image at output_sonic/closed_myles/sharp_sphere_output/images/sharp_sphere_refined_with_uv_plain.png
2024-01-23 17:59:48,044 - multiprocessing - INFO - Adding shading
2024-01-23 18:00:32,087 - multiprocessing - INFO - Saving final image at output_sonic/closed_myles/sharp_sphere_output/images/sharp_sphere_refined_with_uv.png
2024-01-23 18:00:32,723 - multiprocessing - INFO - Saving final image at output_sonic/closed_myles/images/sharp_sphere_refined_with_uv.png
2024-01-23 18:00:36,799 - multiprocessing - INFO - Rendering twirl_refined_with_uv
2024-01-23 18:00:36,800 - multiprocessing - INFO - Loading initial mesh at data/closed-Myles
2024-01-23 18:00:36,910 - multiprocessing - INFO - Loading uv coordinates at output_sonic/closed_myles
2024-01-23 18:00:37,063 - multiprocessing - INFO - Is double: False
2024-01-23 18:00:37,063 - multiprocessing - INFO - Loading vertex map at output_sonic/closed_myles/twirl_output/twirl_refined_with_uv_vn_to_v
2024-01-23 18:00:37,066 - multiprocessing - ERROR - Could not load vertex map
2024-01-23 18:00:37,066 - multiprocessing - INFO - Loading endpoints at output_sonic/closed_myles/twirl_output/twirl_refined_with_uv_endpoints
2024-01-23 18:00:37,067 - multiprocessing - ERROR - Could not load endpoints
2024-01-23 18:00:37,068 - multiprocessing - INFO - Loading camera at data/cameras/twirl_camera.pickle
2024-01-23 18:00:37,113 - multiprocessing - INFO - Getting point matrices
2024-01-23 18:00:48,905 - multiprocessing - INFO - Getting connectivity
2024-01-23 18:00:50,659 - multiprocessing - INFO - Getting per corner uv coordinates
2024-01-23 18:00:50,717 - multiprocessing - INFO - Getting scale_factors colormap
2024-01-23 18:00:50,897 - multiprocessing - INFO - Using colormap scale 1
2024-01-23 18:00:50,897 - multiprocessing - INFO - Rendering image
2024-01-23 18:01:32,267 - multiprocessing - INFO - Saving plain image at output_sonic/closed_myles/twirl_output/images/twirl_refined_with_uv_plain.png
2024-01-23 18:01:32,924 - multiprocessing - INFO - Adding shading
2024-01-23 18:02:27,529 - multiprocessing - INFO - Saving final image at output_sonic/closed_myles/twirl_output/images/twirl_refined_with_uv.png
2024-01-23 18:02:29,023 - multiprocessing - INFO - Saving final image at output_sonic/closed_myles/images/twirl_refined_with_uv.png
