2024-01-23 17:56:46,254 - multiprocessing - INFO - Rendering heptoroid100k_refined_with_uv
2024-01-23 17:56:46,254 - multiprocessing - INFO - Loading initial mesh at data/closed-Myles
2024-01-23 17:56:46,611 - multiprocessing - INFO - Loading uv coordinates at output_sonic/closed_myles
2024-01-23 17:56:47,045 - multiprocessing - INFO - Is double: False
2024-01-23 17:56:47,045 - multiprocessing - INFO - Loading vertex map at output_sonic/closed_myles/heptoroid100k_output/heptoroid100k_refined_with_uv_vn_to_v
2024-01-23 17:56:47,046 - multiprocessing - ERROR - Could not load vertex map
2024-01-23 17:56:47,046 - multiprocessing - INFO - Loading endpoints at output_sonic/closed_myles/heptoroid100k_output/heptoroid100k_refined_with_uv_endpoints
2024-01-23 17:56:47,047 - multiprocessing - ERROR - Could not load endpoints
2024-01-23 17:56:47,047 - multiprocessing - INFO - Loading camera at data/cameras/heptoroid100k_camera.pickle
2024-01-23 17:56:47,170 - multiprocessing - INFO - Getting point matrices
2024-01-23 17:57:00,602 - multiprocessing - INFO - Getting connectivity
2024-01-23 17:57:11,683 - multiprocessing - INFO - Getting per corner uv coordinates
2024-01-23 17:57:12,102 - multiprocessing - INFO - Getting scale_factors colormap
2024-01-23 17:57:13,565 - multiprocessing - INFO - Using colormap scale 1
2024-01-23 17:57:13,565 - multiprocessing - INFO - Rendering image
2024-01-23 17:58:26,399 - multiprocessing - INFO - Saving plain image at output_sonic/closed_myles/heptoroid100k_output/images/heptoroid100k_refined_with_uv_plain.png
2024-01-23 17:58:27,128 - multiprocessing - INFO - Adding shading
2024-01-23 18:01:01,350 - multiprocessing - INFO - Saving final image at output_sonic/closed_myles/heptoroid100k_output/images/heptoroid100k_refined_with_uv.png
2024-01-23 18:01:02,611 - multiprocessing - INFO - Saving final image at output_sonic/closed_myles/images/heptoroid100k_refined_with_uv.png
2024-01-23 18:01:09,279 - multiprocessing - INFO - Rendering vase-lion100K_refined_with_uv
2024-01-23 18:01:09,279 - multiprocessing - INFO - Loading initial mesh at data/closed-Myles
2024-01-23 18:01:09,734 - multiprocessing - INFO - Loading uv coordinates at output_sonic/closed_myles
2024-01-23 18:01:10,208 - multiprocessing - INFO - Is double: False
2024-01-23 18:01:10,208 - multiprocessing - INFO - Loading vertex map at output_sonic/closed_myles/vase-lion100K_output/vase-lion100K_refined_with_uv_vn_to_v
2024-01-23 18:01:10,212 - multiprocessing - ERROR - Could not load vertex map
2024-01-23 18:01:10,213 - multiprocessing - INFO - Loading endpoints at output_sonic/closed_myles/vase-lion100K_output/vase-lion100K_refined_with_uv_endpoints
2024-01-23 18:01:10,213 - multiprocessing - ERROR - Could not load endpoints
2024-01-23 18:01:10,214 - multiprocessing - INFO - Loading camera at data/cameras/vase-lion100K_camera.pickle
2024-01-23 18:01:10,313 - multiprocessing - INFO - Getting point matrices
2024-01-23 18:01:19,849 - multiprocessing - INFO - Getting connectivity
2024-01-23 18:01:31,672 - multiprocessing - INFO - Getting per corner uv coordinates
2024-01-23 18:01:32,157 - multiprocessing - INFO - Getting scale_factors colormap
2024-01-23 18:01:34,376 - multiprocessing - INFO - Using colormap scale 1
2024-01-23 18:01:34,376 - multiprocessing - INFO - Rendering image
2024-01-23 18:02:19,771 - multiprocessing - INFO - Saving plain image at output_sonic/closed_myles/vase-lion100K_output/images/vase-lion100K_refined_with_uv_plain.png
2024-01-23 18:02:20,256 - multiprocessing - INFO - Adding shading
2024-01-23 18:03:30,035 - multiprocessing - INFO - Saving final image at output_sonic/closed_myles/vase-lion100K_output/images/vase-lion100K_refined_with_uv.png
2024-01-23 18:03:30,799 - multiprocessing - INFO - Saving final image at output_sonic/closed_myles/images/vase-lion100K_refined_with_uv.png
